Assembler report for BIRD
<<<<<<< Updated upstream
Tue May 07 12:44:26 2024
=======
Tue May 07 13:53:22 2024
>>>>>>> Stashed changes
Quartus Prime Version 18.1.0 Build 625 09/12/2018 SJ Standard Edition


---------------------
; Table of Contents ;
---------------------
  1. Legal Notice
  2. Assembler Summary
  3. Assembler Settings
  4. Assembler Generated Files
<<<<<<< Updated upstream
  5. Assembler Device Options: C:/Users/vdis663/OneDrive - The University of Auckland/Documents/GitHub/305-team-19/Project/output_files/BIRD.sof
=======
  5. Assembler Device Options: C:/Users/cvis514/OneDrive - The University of Auckland/Documents/GitHub/305-team-19/Project/output_files/BIRD.sof
>>>>>>> Stashed changes
  6. Assembler Messages



----------------
; Legal Notice ;
----------------
Copyright (C) 2018  Intel Corporation. All rights reserved.
Your use of Intel Corporation's design tools, logic functions 
and other software and tools, and its AMPP partner logic 
functions, and any output files from any of the foregoing 
(including device programming or simulation files), and any 
associated documentation or information are expressly subject 
to the terms and conditions of the Intel Program License 
Subscription Agreement, the Intel Quartus Prime License Agreement,
the Intel FPGA IP License Agreement, or other applicable license
agreement, including, without limitation, that your use is for
the sole purpose of programming logic devices manufactured by
Intel and sold by Intel or its authorized distributors.  Please
refer to the applicable agreement for further details.



+---------------------------------------------------------------+
; Assembler Summary                                             ;
+-----------------------+---------------------------------------+
<<<<<<< Updated upstream
; Assembler Status      ; Successful - Tue May 07 12:44:26 2024 ;
=======
; Assembler Status      ; Successful - Tue May 07 13:53:22 2024 ;
>>>>>>> Stashed changes
; Revision Name         ; BIRD                                  ;
; Top-level Entity Name ; Bird_Block                            ;
; Family                ; Cyclone V                             ;
; Device                ; 5CEBA4F23C7                           ;
+-----------------------+---------------------------------------+


+----------------------------------+
; Assembler Settings               ;
+--------+---------+---------------+
; Option ; Setting ; Default Value ;
+--------+---------+---------------+


+-------------------------------------------------------------------------------------------------------------------+
; Assembler Generated Files                                                                                         ;
+-------------------------------------------------------------------------------------------------------------------+
; File Name                                                                                                         ;
+-------------------------------------------------------------------------------------------------------------------+
<<<<<<< Updated upstream
; C:/Users/vdis663/OneDrive - The University of Auckland/Documents/GitHub/305-team-19/Project/output_files/BIRD.sof ;
=======
; C:/Users/cvis514/OneDrive - The University of Auckland/Documents/GitHub/305-team-19/Project/output_files/BIRD.sof ;
>>>>>>> Stashed changes
+-------------------------------------------------------------------------------------------------------------------+


+---------------------------------------------------------------------------------------------------------------------------------------------+
<<<<<<< Updated upstream
; Assembler Device Options: C:/Users/vdis663/OneDrive - The University of Auckland/Documents/GitHub/305-team-19/Project/output_files/BIRD.sof ;
+----------------+----------------------------------------------------------------------------------------------------------------------------+
; Option         ; Setting                                                                                                                    ;
+----------------+----------------------------------------------------------------------------------------------------------------------------+
; JTAG usercode  ; 0x00552262                                                                                                                 ;
; Checksum       ; 0x00552262                                                                                                                 ;
=======
; Assembler Device Options: C:/Users/cvis514/OneDrive - The University of Auckland/Documents/GitHub/305-team-19/Project/output_files/BIRD.sof ;
+----------------+----------------------------------------------------------------------------------------------------------------------------+
; Option         ; Setting                                                                                                                    ;
+----------------+----------------------------------------------------------------------------------------------------------------------------+
; JTAG usercode  ; 0x005568E0                                                                                                                 ;
; Checksum       ; 0x005568E0                                                                                                                 ;
>>>>>>> Stashed changes
+----------------+----------------------------------------------------------------------------------------------------------------------------+


+--------------------+
; Assembler Messages ;
+--------------------+
Info: *******************************************************************
Info: Running Quartus Prime Assembler
    Info: Version 18.1.0 Build 625 09/12/2018 SJ Standard Edition
<<<<<<< Updated upstream
    Info: Processing started: Tue May 07 12:44:24 2024
=======
    Info: Processing started: Tue May 07 13:53:20 2024
>>>>>>> Stashed changes
Info: Command: quartus_asm --read_settings_files=off --write_settings_files=off BIRD -c BIRD
Warning (18236): Number of processors has not been specified which may cause overloading on shared machines.  Set the global assignment NUM_PARALLEL_PROCESSORS in your QSF to an appropriate value for best performance.
Info (115030): Assembler is generating device programming files
Info: Quartus Prime Assembler was successful. 0 errors, 1 warning
<<<<<<< Updated upstream
    Info: Peak virtual memory: 4830 megabytes
    Info: Processing ended: Tue May 07 12:44:26 2024
=======
    Info: Peak virtual memory: 4826 megabytes
    Info: Processing ended: Tue May 07 13:53:22 2024
>>>>>>> Stashed changes
    Info: Elapsed time: 00:00:02
    Info: Total CPU time (on all processors): 00:00:01


